0 info it worked if it ends with ok
1 verbose cli [ 'c:\\Program Files\\nodejs\\node.exe',
1 verbose cli   'c:\\Program Files\\nodejs\\node_modules\\npm\\bin\\npm-cli.js',
1 verbose cli   'start' ]
2 info using npm@3.7.3
3 info using node@v5.9.1
4 verbose run-script [ 'prestart', 'start', 'poststart' ]
5 info lifecycle comp4321@1.0.0~prestart: comp4321@1.0.0
6 silly lifecycle comp4321@1.0.0~prestart: no script for prestart, continuing
7 info lifecycle comp4321@1.0.0~start: comp4321@1.0.0
8 verbose lifecycle comp4321@1.0.0~start: unsafe-perm in lifecycle true
9 verbose lifecycle comp4321@1.0.0~start: PATH: c:\Program Files\nodejs\node_modules\npm\bin\node-gyp-bin;c:\Users\AXIS\Desktop\se\node_modules\.bin;c:\Program Files\nodejs;c:\Users\AXIS\bin;.;C:\Program Files (x86)\Git\local\bin;C:\Program Files (x86)\Git\mingw\bin;C:\Program Files (x86)\Git\bin;c:\Python27\;c:\Python27\Scripts;c:\app\AXIS\product\12.1.0\dbhome_1\bin;c:\Program Files (x86)\Intel\iCLS Client\;c:\Program Files\Intel\iCLS Client\;c:\Program Files (x86)\NVIDIA Corporation\PhysX\Common;c:\Windows\system32;c:\Windows;c:\Windows\System32\Wbem;c:\Windows\System32\WindowsPowerShell\v1.0\;c:\Program Files (x86)\Intel\OpenCL SDK\2.0\bin\x86;c:\Program Files (x86)\Intel\OpenCL SDK\2.0\bin\x64;c:\Program Files\Intel\Intel(R) Management Engine Components\DAL;c:\Program Files\Intel\Intel(R) Management Engine Components\IPT;c:\Program Files (x86)\Intel\Intel(R) Management Engine Components\DAL;c:\Program Files (x86)\Intel\Intel(R) Management Engine Components\IPT;c:\Program Files\Lenovo\Bluetooth Software\;c:\Program Files\Lenovo\Bluetooth Software\syswow64;c:\Program Files\Intel\WiFi\bin\;c:\Program Files\Common Files\Intel\WirelessCommon\;c:\Program Files (x86)\Brackets\command;c:\Program Files\Microsoft SQL Server\110\Tools\Binn\;c:\Program Files (x86)\Windows Kits\8.1\Windows Performance Toolkit\;c:\Program Files\Common Files\Autodesk Shared\;c:\Program Files (x86)\Autodesk\Backburner\;c:\Program Files (x86)\Skype\Phone\;c:\Program Files\nodejs\;c:\Users\AXIS\Anaconda2;c:\Users\AXIS\Anaconda2\Scripts;c:\Users\AXIS\Anaconda2\Library\bin;c:\MinGW\bin;c:\Users\AXIS\AppData\Roaming\npm
10 verbose lifecycle comp4321@1.0.0~start: CWD: c:\Users\AXIS\Desktop\se
11 silly lifecycle comp4321@1.0.0~start: Args: [ '/d /s /c', 'node scrapper.js' ]
12 silly lifecycle comp4321@1.0.0~start: Returned: code: 1  signal: null
13 info lifecycle comp4321@1.0.0~start: Failed to exec start script
14 verbose stack Error: comp4321@1.0.0 start: `node scrapper.js`
14 verbose stack Exit status 1
14 verbose stack     at EventEmitter.<anonymous> (c:\Program Files\nodejs\node_modules\npm\lib\utils\lifecycle.js:239:16)
14 verbose stack     at emitTwo (events.js:100:13)
14 verbose stack     at EventEmitter.emit (events.js:185:7)
14 verbose stack     at ChildProcess.<anonymous> (c:\Program Files\nodejs\node_modules\npm\lib\utils\spawn.js:24:14)
14 verbose stack     at emitTwo (events.js:100:13)
14 verbose stack     at ChildProcess.emit (events.js:185:7)
14 verbose stack     at maybeClose (internal/child_process.js:850:16)
14 verbose stack     at Process.ChildProcess._handle.onexit (internal/child_process.js:215:5)
15 verbose pkgid comp4321@1.0.0
16 verbose cwd c:\Users\AXIS\Desktop\se
17 error Windows_NT 6.1.7601
18 error argv "c:\\Program Files\\nodejs\\node.exe" "c:\\Program Files\\nodejs\\node_modules\\npm\\bin\\npm-cli.js" "start"
19 error node v5.9.1
20 error npm  v3.7.3
21 error code ELIFECYCLE
22 error comp4321@1.0.0 start: `node scrapper.js`
22 error Exit status 1
23 error Failed at the comp4321@1.0.0 start script 'node scrapper.js'.
23 error Make sure you have the latest version of node.js and npm installed.
23 error If you do, this is most likely a problem with the comp4321 package,
23 error not with npm itself.
23 error Tell the author that this fails on your system:
23 error     node scrapper.js
23 error You can get information on how to open an issue for this project with:
23 error     npm bugs comp4321
23 error Or if that isn't available, you can get their info via:
23 error     npm owner ls comp4321
23 error There is likely additional logging output above.
24 verbose exit [ 1, true ]
